duty, angle
0, 268.909088
0, 268.500000
0, 265.772736
0, 265.909088
0, 266.863647
0, 265.227264
0, 263.590912
0, 266.181824
0, 268.772736
0, 267.409088
0, 265.227264
0, 266.454559
0, 267.681824
0, 268.090912
0, 267.000000
0, 265.909088
0, 265.227264
0, 267.272736
0, 267.000000
0, 265.772736
0, 265.227264
0, 266.863647
0, 262.772736
0, 265.636353
0, 263.181824
0, 264.954559
0, 264.954559
0, 267.272736
0, 266.181824
0, 266.863647
0, 265.909088
0, 263.318176
0, 267.000000
0, 264.000000
0, 266.181824
0, 267.000000
0, 267.000000
0, 265.227264
0, 266.727264
0, 265.909088
0, 264.681824
0, 269.454559
0, 267.272736
0, 264.000000
0, 265.909088
0, 264.818176
0, 266.454559
0, 266.727264
0, 266.727264
0, 264.818176
0, 266.727264
0, 265.909088
0, 266.454559
0, 266.863647
0, 263.318176
0, 266.863647
0, 264.954559
0, 267.954559
0, 266.045441
0, 267.000000
0, 265.636353
0, 263.181824
0, 267.272736
0, 267.000000
0, 268.090912
0, 264.681824
0, 268.909088
0, 267.272736
0, 265.500000
0, 267.000000
0, 266.863647
0, 263.181824
0, 266.454559
0, 266.454559
0, 266.454559
0, 266.863647
0, 264.954559
0, 262.090912
0, 265.636353
0, 267.409088
0, 264.818176
0, 264.954559
0, 265.909088
0, 263.590912
0, 267.272736
0, 268.500000
0, 265.227264
0, 267.681824
0, 263.181824
0, 271.636353
0, 264.681824
0, 266.863647
0, 267.000000
0, 265.772736
0, 260.454559
0, 266.863647
0, 266.863647
0, 268.090912
0, 265.227264
0, 279.681824
0, 269.454559
0, 268.772736
0, 269.454559
0, 266.727264
0, 265.772736
0, 266.454559
0, 264.954559
0, 268.090912
0, 267.000000
0, 276.954559
0, 266.454559
0, 266.863647
0, 264.954559
0, 269.454559
0, 266.454559
0, 268.363647
0, 265.909088
0, 266.863647
0, 266.454559
0, 271.772736
0, 265.227264
0, 266.863647
0, 266.181824
0, 269.454559
0, 264.954559
0, 266.454559
0, 270.272736
0, 263.590912
0, 267.000000
0, 265.772736
0, 265.636353
0, 266.863647
0, 263.590912
0, 267.000000
0, 266.454559
0, 268.500000
0, 264.818176
0, 263.181824
0, 267.681824
0, 268.500000
0, 265.909088
0, 262.772736
0, 267.272736
0, 265.227264
0, 264.818176
0, 267.681824
0, 265.227264
0, 266.863647
0, 265.227264
0, 266.045441
0, 264.818176
0, 267.000000
0, 265.909088
0, 268.500000
0, 265.909088
0, 266.181824
0, 268.090912
0, 264.954559
0, 268.500000
0, 264.954559
0, 264.954559
0, 265.227264
0, 265.636353
0, 268.090912
0, 265.636353
0, 266.454559
0, 267.681824
0, 261.681824
0, 268.090912
0, 268.090912
0, 266.181824
0, 267.272736
0, 267.272736
0, 266.454559
0, 269.454559
0, 263.590912
0, 267.272736
0, 265.636353
0, 268.500000
0, 266.454559
0, 266.181824
0, 266.454559
0, 266.863647
0, 264.681824
0, 266.181824
0, 267.272736
0, 265.500000
0, 269.454559
0, 267.272736
0, 265.909088
0, 263.590912
0, 266.863647
0, 264.954559
0, 266.181824
0, 265.227264
0, 268.090912
0, 264.000000
0, 264.000000
0, 264.954559
0, 265.909088
0, 266.727264
0, 266.454559
0, 267.272736
0, 265.909088
0, 265.227264
0, 265.909088
0, 261.409088
0, 266.181824
0, 266.454559
0, 266.454559
0, 265.227264
0, 267.272736
0, 266.863647
0, 267.954559
0, 264.818176
0, 265.227264
0, 266.181824
0, 261.681824
0, 266.045441
0, 266.454559
0, 266.454559
0, 266.181824
0, 267.000000
0, 267.272736
0, 265.909088
0, 266.454559
0, 268.090912
0, 265.636353
0, 268.500000
0, 266.454559
0, 275.590912
0, 264.954559
0, 264.954559
0, 265.909088
0, 267.272736
0, 266.045441
0, 265.227264
0, 267.681824
0, 267.272736
0, 264.000000
0, 279.409088
0, 264.000000
0, 262.909088
0, 268.090912
0, 264.681824
0, 266.454559
0, 266.454559
0, 264.000000
0, 262.909088
0, 263.590912
0, 275.590912
0, 265.227264
0, 264.681824
0, 268.500000
0, 267.272736
0, 266.863647
0, 267.409088
0, 266.181824
0, 268.090912
0, 268.090912
0, 266.863647
0, 265.909088
0, 264.954559
0, 266.181824
0, 266.454559
0, 264.818176
0, 267.272736
0, 265.227264
0, 263.590912
0, 263.590912
0, 266.863647
0, 265.909088
0, 265.227264
0, 266.045441
0, 266.181824
0, 267.954559
0, 264.818176
0, 267.409088
0, 264.000000
0, 266.863647
0, 267.272736
0, 265.227264
0, 266.181824
0, 267.954559
0, 267.000000
0, 266.454559
0, 266.727264
0, 265.500000
0, 263.590912
0, 268.909088
0, 265.227264
0, 267.272736
0, 267.272736
0, 266.181824
0, 268.090912
0, 263.590912
0, 266.181824
0, 265.909088
0, 266.863647
0, 268.500000
0, 267.272736
0, 268.090912
0, 263.045441
0, 265.909088
0, 267.272736
0, 264.000000
0, 265.636353
0, 264.954559
0, 265.227264
0, 263.318176
0, 265.636353
0, 263.590912
0, 268.090912
0, 265.772736
0, 267.954559
0, 266.454559
0, 263.590912
0, 265.227264
0, 263.590912
0, 264.818176
0, 266.454559
0, 268.090912
0, 268.772736
0, 267.681824
0, 268.090912
0, 267.272736
0, 266.454559
0, 265.772736
0, 266.454559
0, 268.090912
0, 263.590912
0, 268.909088
0, 266.727264
0, 266.181824
0, 266.727264
0, 265.772736
0, 265.909088
0, 268.090912
0, 266.863647
0, 263.181824
0, 265.227264
0, 265.909088
0, 267.272736
0, 266.863647
0, 265.909088
0, 266.045441
0, 266.454559
0, 265.227264
0, 266.181824
0, 266.863647
0, 264.818176
0, 268.090912
0, 266.454559
0, 268.090912
0, 266.863647
0, 266.863647
0, 265.227264
0, 263.590912
0, 265.227264
0, 264.954559
0, 267.272736
0, 267.954559
0, 267.681824
0, 266.454559
0, 266.454559
0, 267.000000
0, 267.681824
0, 266.454559
0, 266.454559
0, 265.909088
0, 267.954559
0, 275.454559
0, 265.636353
0, 268.500000
0, 265.227264
0, 268.909088
0, 268.090912
0, 265.636353
0, 269.863647
0, 267.954559
0, 265.909088
0, 278.863647
0, 266.045441
0, 264.681824
0, 264.818176
0, 265.772736
0, 266.863647
0, 265.909088
0, 267.681824
0, 266.454559
0, 267.272736
0, 275.181824
0, 268.090912
0, 268.090912
0, 265.227264
0, 268.090912
0, 266.863647
0, 265.909088
0, 263.318176
0, 266.863647
0, 268.909088
0, 264.000000
0, 268.090912
0, 267.272736
0, 264.000000
0, 265.227264
0, 266.181824
0, 263.590912
0, 265.227264
0, 266.045441
0, 265.909088
0, 266.181824
0, 264.818176
0, 266.727264
0, 266.727264
0, 266.454559
0, 263.590912
0, 266.863647
0, 264.954559
0, 266.727264
0, 267.000000
0, 265.909088
0, 267.272736
0, 265.636353
0, 264.000000
0, 266.045441
0, 263.590912
0, 265.772736
0, 262.227264
0, 267.000000
0, 265.909088
0, 265.500000
0, 267.954559
0, 267.954559
0, 267.954559
0, 265.227264
0, 266.863647
0, 266.454559
0, 267.954559
0, 267.954559
0, 268.909088
0, 265.772736
0, 267.681824
0, 266.727264
0, 268.090912
0, 264.818176
0, 267.000000
0, 267.272736
0, 266.727264
0, 267.000000
0, 268.909088
0, 266.454559
0, 263.590912
0, 265.227264
0, 265.772736
0, 266.863647
0, 268.090912
0, 265.909088
0, 263.318176
0, 266.045441
0, 267.000000
0, 268.500000
0, 267.272736
0, 268.090912
0, 267.681824
0, 264.000000
0, 268.363647
0, 264.000000
0, 265.227264
0, 266.727264
0, 265.909088
0, 266.181824
0, 264.818176
0, 262.772736
0, 266.454559
0, 267.954559
0, 267.681824
0, 266.863647
0, 268.090912
0, 267.272736
0, 267.272736
0, 266.454559
0, 265.227264
0, 267.681824
0, 265.227264
0, 264.681824
0, 264.818176
0, 266.454559
0, 264.681824
0, 267.272736
0, 266.863647
0, 267.681824
0, 266.863647
0, 266.454559
0, 265.772736
0, 263.181824
0, 265.500000
0, 268.363647
0, 265.227264
10, 262.227264
10, 266.045441
10, 270.545441
10, 266.863647
10, 268.909088
10, 267.000000
10, 270.136353
10, 267.272736
10, 265.227264
10, 267.681824
10, 265.227264
10, 264.681824
10, 277.909088
10, 289.909088
10, 287.454559
10, 289.227264
10, 292.500000
10, 296.181824
10, 296.181824
10, 300.000000
10, 298.772736
10, 304.090912
10, 305.045441
10, 306.681824
10, 309.000000
10, 312.409088
10, 310.227264
10, 315.681824
10, 317.318176
10, 321.681824
10, 317.590912
10, 324.409088
10, 327.954559
10, 330.136353
10, 334.636353
10, 333.409088
10, 340.500000
10, 341.590912
10, 341.863647
10, 347.590912
10, 350.045441
10, 355.909088
10, 356.454559
10, 357.818176
10, 42.545456
10, 48.136364
10, 50.181820
10, 51.136364
10, 59.181820
10, 58.363636
10, 59.454544
10, 64.227272
10, 66.681816
10, 67.636360
10, 68.454544
10, 73.772728
10, 76.090912
10, 79.500000
10, 81.545456
10, 82.363640
10, 86.454544
10, 89.454544
10, 90.272728
10, 92.727272
10, 95.590912
10, 95.727272
10, 96.545456
10, 102.000000
10, 104.181816
10, 107.045456
10, 107.045456
10, 110.590912
10, 111.136360
10, 112.227272
10, 114.545456
10, 113.590912
10, 111.409088
10, 118.909088
10, 115.227272
10, 119.454544
10, 121.227272
10, 122.181816
10, 122.454544
10, 126.681816
10, 128.045456
10, 132.954544
10, 133.909088
10, 134.590912
10, 131.181824
10, 134.454544
10, 133.363632
10, 135.136368
10, 140.318176
10, 140.181824
10, 140.590912
10, 144.136368
10, 142.090912
10, 142.363632
10, 143.590912
10, 143.181824
10, 147.409088
10, 144.954544
10, 154.363632
10, 152.318176
10, 151.363632
10, 158.181824
10, 158.454544
10, 152.590912
10, 163.227280
10, 159.136368
10, 163.090912
10, 163.090912
10, 168.272720
10, 164.727280
10, 166.772720
10, 170.045456
10, 173.727280
10, 176.863632
10, 177.272720
10, 182.045456
10, 184.636368
10, 184.636368
10, 186.000000
10, 188.045456
10, 186.000000
10, 193.363632
10, 196.090912
10, 201.136368
10, 203.045456
10, 206.454544
10, 213.272720
10, 215.045456
10, 215.454544
10, 218.863632
10, 219.954544
10, 225.681824
10, 225.409088
10, 231.000000
10, 231.545456
10, 233.863632
10, 235.500000
10, 240.136368
10, 241.909088
10, 241.636368
10, 246.545456
10, 245.863632
10, 248.181824
10, 249.681824
10, 251.727280
10, 253.363632
10, 253.090912
10, 253.636368
10, 255.136368
10, 258.000000
10, 261.681824
10, 266.181824
10, 261.681824
10, 264.681824
10, 266.454559
10, 268.909088
10, 267.954559
10, 268.909088
10, 268.909088
10, 271.772736
10, 273.681824
10, 276.409088
10, 274.227264
10, 278.181824
10, 275.181824
10, 278.727264
10, 278.181824
10, 282.000000
10, 284.863647
10, 284.590912
10, 286.636353
10, 288.409088
10, 289.227264
10, 291.136353
10, 288.954559
10, 291.000000
10, 298.772736
10, 302.181824
10, 298.227264
10, 301.500000
10, 300.545441
10, 302.454559
10, 306.818176
10, 310.500000
10, 310.500000
10, 312.954559
10, 313.227264
10, 320.045441
10, 321.954559
10, 321.681824
10, 335.045441
10, 326.454559
10, 327.954559
10, 333.409088
10, 342.272736
10, 342.272736
10, 341.863647
10, 346.909088
10, 348.272736
10, 348.409088
10, 357.409088
10, 358.909088
10, 359.045441
10, 48.409092
10, 51.000000
10, 52.090908
10, 54.681820
10, 57.136364
10, 59.863636
10, 64.227272
10, 62.181820
10, 60.545456
10, 67.227272
10, 67.636360
10, 75.409088
10, 77.727272
10, 77.727272
10, 82.227272
10, 83.045456
10, 86.181816
10, 88.909088
10, 89.863640
10, 88.909088
10, 94.363640
10, 96.000000
10, 96.000000
10, 102.000000
10, 102.000000
10, 106.090912
10, 107.454544
10, 105.681816
10, 113.590912
10, 112.772728
10, 116.318184
10, 115.363640
10, 122.590912
10, 119.863640
10, 119.454544
10, 124.500000
10, 123.545456
10, 127.909088
10, 128.590912
10, 132.954544
10, 131.863632
10, 133.500000
10, 133.636368
10, 138.136368
10, 135.409088
10, 135.409088
10, 137.181824
10, 137.454544
10, 144.272720
10, 141.818176
10, 144.954544
10, 145.909088
10, 145.636368
10, 143.318176
10, 145.772720
10, 147.545456
10, 143.863632
10, 150.272720
10, 146.863632
10, 147.681824
10, 149.454544
10, 153.000000
10, 154.363632
10, 157.772720
10, 155.863632
10, 160.090912
10, 161.318176
10, 160.772720
10, 161.454544
10, 166.363632
10, 168.000000
10, 166.636368
10, 172.500000
10, 171.000000
10, 170.727280
10, 170.727280
10, 173.727280
10, 174.681824
10, 176.318176
10, 185.318176
10, 181.909088
10, 185.318176
10, 189.954544
10, 194.454544
10, 194.454544
10, 194.318176
10, 199.090912
10, 203.045456
10, 207.954544
10, 207.272720
10, 208.772720
10, 220.772720
10, 215.590912
10, 221.045456
10, 226.227280
10, 225.000000
10, 233.045456
10, 231.000000
10, 234.136368
10, 238.636368
10, 240.136368
10, 239.454544
10, 239.045456
10, 245.863632
10, 247.090912
10, 251.454544
10, 253.090912
10, 249.136368
10, 258.409088
10, 252.818176
10, 255.409088
10, 259.500000
10, 258.545441
10, 255.954544
10, 261.409088
10, 264.818176
10, 261.681824
10, 266.863647
10, 266.454559
10, 268.909088
10, 269.454559
10, 267.681824
10, 266.863647
10, 269.454559
10, 271.772736
10, 275.318176
10, 274.636353
10, 279.818176
10, 277.090912
10, 279.681824
10, 283.363647
10, 278.727264
10, 282.000000
10, 286.090912
10, 288.409088
10, 287.045441
10, 291.954559
10, 292.772736
10, 293.318176
10, 296.045441
10, 297.409088
10, 298.772736
10, 299.181824
10, 301.772736
10, 301.772736
10, 306.272736
10, 306.272736
10, 310.500000
10, 312.545441
10, 318.818176
10, 318.954559
10, 319.500000
10, 323.318176
10, 325.227264
10, 328.772736
10, 329.590912
10, 335.181824
10, 337.772736
10, 337.227264
10, 339.954559
10, 343.772736
10, 347.045441
10, 350.454559
10, 354.136353
10, 353.045441
10, 357.409088
10, 359.318176
10, 46.909092
10, 50.863636
10, 53.318180
10, 53.318180
10, 59.045456
10, 60.954544
10, 62.045456
10, 67.090912
10, 66.000000
10, 71.454544
10, 77.318184
10, 75.545456
10, 75.681816
10, 77.863640
10, 79.500000
10, 82.772728
10, 84.681816
10, 86.318184
10, 87.954544
10, 94.772728
10, 92.318184
10, 96.409088
10, 100.227272
10, 98.318184
10, 105.409088
10, 106.636360
10, 107.045456
10, 111.409088
10, 110.727272
10, 110.863640
10, 115.636360
10, 117.545456
10, 119.181816
10, 115.636360
10, 123.000000
10, 120.818184
10, 125.590912
10, 129.545456
10, 128.045456
10, 131.863632
10, 133.909088
10, 136.363632
10, 135.409088
10, 136.500000
10, 136.363632
10, 141.681824
10, 141.818176
10, 140.727280
10, 142.500000
10, 143.454544
10, 145.363632
10, 144.545456
10, 147.409088
10, 151.227280
10, 148.909088
10, 150.545456
10, 153.000000
10, 152.318176
10, 152.045456
10, 157.772720
10, 158.181824
10, 156.545456
10, 159.409088
10, 161.318176
10, 164.045456
10, 167.045456
10, 166.363632
10, 170.045456
10, 167.045456
10, 173.863632
10, 169.636368
10, 171.000000
10, 172.772720
10, 178.090912
10, 174.954544
10, 176.454544
10, 179.863632
10, 178.909088
10, 182.045456
10, 187.500000
10, 187.363632
10, 190.500000
10, 197.454544
10, 202.909088
10, 200.181824
10, 204.409088
10, 210.000000
10, 211.636368
10, 210.000000
10, 213.545456
10, 220.363632
10, 218.045456
10, 225.409088
10, 229.636368
10, 231.545456
10, 233.045456
10, 236.318176
10, 237.818176
10, 240.136368
10, 243.136368
10, 243.681824
10, 248.045456
10, 249.409088
10, 248.045456
10, 252.818176
10, 252.818176
10, 253.772720
10, 256.363647
10, 255.954544
10, 255.000000
10, 262.227264
10, 261.272736
10, 263.318176
10, 262.227264
10, 264.818176
10, 263.318176
10, 266.454559
10, 266.863647
10, 272.181824
10, 271.500000
10, 272.727264
10, 273.409088
10, 278.454559
10, 275.318176
10, 279.818176
20, 281.181824
20, 280.772736
20, 282.136353
20, 292.500000
20, 294.272736
20, 295.636353
20, 298.500000
20, 306.954559
20, 310.500000
20, 314.590912
20, 319.500000
20, 323.590912
20, 330.409088
20, 334.772736
20, 339.545441
20, 353.318176
20, 355.227264
20, 358.909088
20, 47.181820
20, 54.818180
20, 58.500000
20, 67.772728
20, 73.227272
20, 74.727272
20, 83.045456
20, 90.272728
20, 86.727272
20, 93.818184
20, 102.000000
20, 103.090912
20, 101.454544
20, 112.636360
20, 112.772728
20, 117.409088
20, 124.500000
20, 124.363640
20, 124.363640
20, 131.454544
20, 131.863632
20, 133.363632
20, 137.727280
20, 142.772720
20, 142.227280
20, 144.954544
20, 149.454544
20, 150.136368
20, 150.681824
20, 155.318176
20, 155.863632
20, 157.636368
20, 162.681824
20, 166.500000
20, 168.272720
20, 174.136368
20, 174.136368
20, 182.590912
20, 190.227280
20, 197.318176
20, 203.045456
20, 206.318176
20, 216.000000
20, 217.090912
20, 226.363632
20, 230.863632
20, 237.954544
20, 241.636368
20, 236.318176
20, 244.227280
20, 251.454544
20, 254.318176
20, 251.727280
20, 259.227264
20, 259.227264
20, 263.590912
20, 261.954559
20, 267.272736
20, 266.727264
20, 273.954559
20, 278.863647
20, 279.681824
20, 280.772736
20, 283.363647
20, 288.136353
20, 287.318176
20, 292.227264
20, 297.545441
20, 300.681824
20, 304.772736
20, 310.500000
20, 313.909088
20, 317.454559
20, 323.590912
20, 328.500000
20, 333.272736
20, 336.954559
20, 342.272736
20, 351.818176
20, 355.636353
20, 42.818180
20, 47.590908
20, 55.772728
20, 60.409092
20, 65.590912
20, 69.545456
20, 78.000000
20, 84.954544
20, 89.727272
20, 89.863640
20, 98.727272
20, 98.590912
20, 108.409088
20, 109.363640
20, 116.590912
20, 120.545456
20, 121.363640
20, 126.136360
20, 128.318176
20, 133.909088
20, 137.454544
20, 137.045456
20, 142.227280
20, 144.000000
20, 149.181824
20, 152.045456
20, 151.363632
20, 154.090912
20, 156.000000
20, 157.909088
20, 165.136368
20, 165.409088
20, 165.409088
20, 173.727280
20, 172.772720
20, 178.909088
20, 184.227280
20, 188.863632
20, 191.454544
20, 198.409088
20, 205.090912
20, 208.363632
20, 218.318176
20, 227.318176
20, 233.045456
20, 234.136368
20, 241.636368
20, 242.318176
20, 249.136368
20, 253.363632
20, 257.318176
20, 256.363647
20, 261.136353
20, 262.772736
20, 263.590912
20, 268.909088
20, 267.681824
20, 270.272736
20, 276.000000
20, 280.090912
20, 279.409088
20, 281.454559
20, 281.727264
20, 288.954559
20, 291.409088
20, 294.818176
20, 298.772736
20, 301.090912
20, 304.772736
20, 312.545441
20, 315.000000
20, 318.954559
20, 326.045441
20, 331.636353
20, 342.272736
20, 343.090912
20, 348.409088
20, 354.136353
20, 360.000000
20, 48.818180
20, 56.727272
20, 63.409092
20, 68.045456
20, 71.181816
20, 77.318184
20, 80.727272
20, 86.727272
20, 88.363640
20, 96.000000
20, 96.000000
20, 103.909088
20, 105.954544
20, 107.045456
20, 114.136360
20, 114.818184
20, 117.136360
20, 129.681824
20, 121.227272
20, 127.909088
20, 132.954544
20, 135.136368
20, 139.227280
20, 140.727280
20, 142.772720
20, 145.909088
20, 148.909088
20, 151.909088
20, 157.227280
20, 156.000000
20, 162.409088
20, 160.090912
20, 168.409088
20, 170.045456
20, 171.954544
20, 179.181824
20, 184.363632
20, 188.863632
20, 193.363632
20, 200.454544
20, 213.272720
20, 207.545456
20, 216.818176
20, 214.363632
20, 224.318176
20, 234.818176
20, 237.954544
20, 243.681824
20, 243.409088
20, 252.272720
20, 251.454544
20, 258.136353
20, 262.090912
20, 262.363647
20, 262.090912
20, 266.454559
20, 268.090912
20, 270.545441
20, 271.772736
20, 277.090912
20, 279.681824
20, 285.136353
20, 288.000000
20, 289.227264
20, 292.227264
20, 297.409088
20, 300.545441
20, 306.272736
20, 311.181824
20, 317.454559
20, 322.636353
20, 324.545441
20, 330.409088
20, 339.545441
20, 341.454559
20, 351.681824
20, 355.090912
20, 360.000000
20, 46.909092
20, 54.000000
20, 59.863636
20, 67.636360
20, 72.409088
20, 77.727272
20, 82.772728
20, 87.545456
20, 91.909088
20, 100.909088
20, 99.681816
20, 103.363640
20, 110.181816
20, 115.636360
20, 120.409088
20, 121.227272
20, 126.136360
20, 132.954544
20, 130.500000
20, 134.454544
20, 137.863632
20, 143.318176
20, 143.727280
20, 145.363632
20, 149.727280
20, 153.818176
20, 150.000000
20, 153.000000
20, 159.409088
20, 161.727280
20, 165.409088
20, 167.045456
20, 170.454544
20, 173.863632
20, 180.136368
20, 183.954544
20, 188.863632
20, 192.545456
20, 200.863632
20, 204.545456
20, 211.636368
20, 216.000000
20, 220.636368
20, 234.818176
20, 232.090912
20, 238.909088
20, 243.681824
20, 249.409088
20, 251.727280
20, 255.000000
20, 257.318176
20, 256.636353
20, 260.181824
20, 261.681824
20, 265.227264
20, 268.909088
20, 272.727264
20, 275.318176
20, 276.000000
20, 277.909088
20, 284.590912
20, 282.818176
20, 286.363647
20, 291.954559
20, 294.545441
20, 301.772736
20, 306.681824
20, 310.500000
20, 316.500000
20, 317.590912
20, 325.227264
20, 328.636353
20, 331.363647
20, 343.772736
20, 346.090912
20, 350.318176
20, 356.181824
20, 49.636364
20, 49.636364
20, 50.181820
20, 60.409092
20, 64.909088
20, 72.000000
20, 77.863640
20, 80.045456
20, 84.818184
20, 89.727272
20, 98.863640
20, 96.409088
20, 104.454544
20, 103.909088
20, 108.954544
20, 113.045456
20, 117.000000
20, 122.454544
20, 127.636360
20, 126.954544
20, 133.090912
20, 136.363632
20, 137.454544
20, 137.181824
20, 145.636368
20, 143.863632
20, 142.772720
20, 150.681824
20, 155.045456
20, 151.363632
20, 158.454544
20, 160.090912
20, 163.090912
20, 166.363632
20, 174.136368
20, 173.045456
20, 177.545456
20, 175.500000
20, 178.772720
20, 187.090912
20, 196.363632
20, 198.681824
20, 206.590912
20, 214.363632
20, 218.863632
20, 224.181824
20, 230.454544
20, 233.863632
20, 239.863632
20, 246.409088
20, 248.454544
20, 251.181824
20, 258.954559
20, 255.545456
20, 258.409088
20, 265.227264
20, 267.272736
20, 270.272736
20, 273.681824
20, 276.000000
20, 273.681824
20, 280.636353
20, 285.545441
20, 286.636353
20, 289.227264
20, 293.181824
20, 297.272736
20, 301.227264
20, 303.954559
20, 312.818176
20, 315.954559
20, 318.818176
20, 326.181824
20, 330.818176
20, 335.181824
20, 340.227264
20, 346.500000
20, 354.545441
20, 360.000000
20, 50.454544
20, 57.272728
20, 61.227272
20, 69.272728
20, 72.409088
20, 76.090912
20, 81.545456
20, 89.727272
20, 93.818184
20, 94.090912
20, 97.227272
20, 103.500000
20, 103.772728
20, 110.590912
20, 110.863640
20, 114.000000
20, 121.772728
20, 124.227272
20, 124.500000
20, 124.363640
20, 132.954544
20, 131.454544
20, 136.090912
20, 136.090912
20, 142.090912
20, 144.272720
20, 144.954544
20, 151.909088
20, 152.727280
20, 154.500000
20, 157.636368
20, 159.136368
20, 165.000000
20, 164.727280
20, 166.363632
20, 174.136368
20, 177.545456
20, 179.045456
20, 187.500000
20, 194.590912
20, 199.227280
20, 205.909088
20, 211.500000
20, 219.409088
20, 224.181824
20, 228.681824
20, 234.409088
20, 238.909088
20, 244.090912
20, 245.045456
20, 249.272720
20, 250.090912
20, 253.772720
20, 260.181824
20, 261.272736
20, 264.681824
20, 266.727264
20, 268.090912
20, 271.500000
20, 274.772736
20, 280.363647
20, 279.409088
20, 282.545441
20, 285.136353
20, 290.863647
20, 296.590912
20, 294.818176
20, 302.181824
20, 305.863647
20, 312.818176
20, 319.500000
20, 321.954559
20, 322.500000
20, 323.318176
20, 334.772736
20, 340.500000
20, 342.545441
20, 350.181824
20, 358.909088
20, 46.772728
20, 52.363636
20, 57.136364
20, 61.363636
20, 70.636360
20, 76.500000
20, 77.727272
20, 84.136360
20, 89.863640
30, 99.000000
30, 103.909088
30, 107.181816
30, 117.409088
30, 122.863640
30, 123.272728
30, 131.181824
30, 136.363632
30, 143.590912
30, 142.500000
30, 148.909088
30, 150.000000
30, 154.909088
30, 159.954544
30, 165.409088
30, 170.045456
30, 175.500000
30, 182.181824
30, 183.136368
30, 194.454544
30, 201.136368
30, 211.363632
30, 219.409088
30, 231.000000
30, 236.181824
30, 245.181824
30, 249.545456
30, 255.409088
30, 258.409088
30, 266.181824
30, 266.454559
30, 270.272736
30, 271.227264
30, 276.000000
30, 277.090912
30, 284.863647
30, 288.818176
30, 294.409088
30, 300.000000
30, 307.772736
30, 313.772736
30, 319.363647
30, 326.590912
30, 334.772736
30, 344.590912
30, 352.363647
30, 360.000000
30, 48.136364
30, 58.090908
30, 64.227272
30, 72.272728
30, 79.363640
30, 88.636360
30, 91.772728
30, 101.454544
30, 110.318184
30, 116.318184
30, 119.181816
30, 126.136360
30, 135.000000
30, 134.454544
30, 139.772720
30, 144.954544
30, 147.136368
30, 155.727280
30, 157.772720
30, 159.136368
30, 160.636368
30, 169.363632
30, 170.454544
30, 175.772720
30, 183.409088
30, 192.136368
30, 203.590912
30, 211.500000
30, 222.409088
30, 228.136368
30, 235.500000
30, 241.909088
30, 247.363632
30, 251.454544
30, 258.954559
30, 261.954559
30, 271.363647
30, 267.681824
30, 273.136353
30, 276.818176
30, 283.363647
30, 288.136353
30, 287.727264
30, 297.272736
30, 298.772736
30, 308.318176
30, 313.909088
30, 322.090912
30, 329.727264
30, 337.772736
30, 347.181824
30, 356.590912
30, 49.636364
30, 58.090908
30, 65.454544
30, 72.000000
30, 79.636360
30, 85.500000
30, 95.318184
30, 101.454544
30, 105.545456
30, 110.727272
30, 117.409088
30, 122.454544
30, 121.636360
30, 131.181824
30, 135.681824
30, 136.500000
30, 138.818176
30, 144.681824
30, 148.500000
30, 150.000000
30, 159.136368
30, 159.681824
30, 165.409088
30, 172.090912
30, 180.681824
30, 184.227280
30, 191.318176
30, 200.863632
30, 208.090912
30, 220.363632
30, 227.318176
30, 235.090912
30, 239.045456
30, 242.727280
30, 250.090912
30, 255.409088
30, 260.181824
30, 259.500000
30, 265.227264
30, 269.454559
30, 273.136353
30, 276.000000
30, 281.181824
30, 283.500000
30, 291.409088
30, 294.136353
30, 300.272736
30, 306.272736
30, 317.454559
30, 323.045441
30, 326.590912
30, 335.727264
30, 340.636353
30, 349.772736
30, 357.954559
30, 51.409092
30, 58.772728
30, 62.454544
30, 72.818184
30, 80.863640
30, 87.818184
30, 94.363640
30, 102.000000
30, 109.090912
30, 117.545456
30, 121.636360
30, 129.545456
30, 133.363632
30, 135.136368
30, 139.227280
30, 142.500000
30, 148.909088
30, 150.000000
30, 153.681824
30, 160.636368
30, 162.681824
30, 164.045456
30, 169.772720
30, 172.090912
30, 180.272720
30, 188.863632
30, 200.863632
30, 205.636368
30, 218.045456
30, 227.727280
30, 234.818176
30, 238.363632
30, 250.500000
30, 251.454544
30, 253.772720
30, 258.818176
30, 264.954559
30, 270.136353
30, 268.500000
30, 272.181824
30, 276.818176
30, 282.818176
30, 288.136353
30, 288.272736
30, 293.045441
30, 301.227264
30, 306.954559
30, 312.818176
30, 321.954559
30, 327.545441
30, 338.863647
30, 341.318176
30, 353.045441
30, 360.000000
30, 55.772728
30, 63.681820
30, 67.909088
30, 74.727272
30, 86.318184
30, 92.727272
30, 96.000000
30, 104.181816
30, 110.045456
30, 109.500000
30, 107.318184
30, 115.363640
30, 123.272728
30, 130.227280
30, 138.000000
30, 138.272720
30, 141.136368
30, 145.500000
30, 150.000000
30, 154.636368
30, 154.500000
30, 164.727280
30, 168.409088
30, 170.181824
30, 176.045456
30, 183.272720
30, 187.500000
30, 199.090912
30, 204.681824
30, 214.909088
30, 224.045456
30, 231.272720
30, 240.818176
30, 243.681824
30, 248.181824
30, 254.590912
30, 259.772736
30, 262.772736
30, 270.272736
30, 272.727264
30, 273.954559
30, 279.818176
30, 283.636353
30, 291.954559
30, 290.863647
30, 302.454559
30, 309.409088
30, 312.818176
30, 318.681824
30, 325.909088
30, 332.590912
30, 343.772736
30, 354.545441
30, 360.000000
30, 51.818180
30, 62.045456
30, 66.272728
30, 76.090912
30, 80.863640
30, 84.954544
30, 96.136360
30, 100.909088
30, 108.954544
30, 110.863640
30, 118.363640
30, 126.409088
30, 133.090912
30, 133.363632
30, 137.454544
30, 139.227280
30, 147.136368
30, 148.227280
30, 149.590912
30, 153.000000
30, 159.954544
30, 162.818176
30, 166.772720
30, 175.772720
30, 182.045456
30, 191.181824
30, 195.681824
30, 205.090912
30, 216.818176
30, 224.181824
30, 232.772720
30, 240.681824
30, 243.409088
30, 251.454544
30, 252.000000
30, 253.772720
30, 261.000000
30, 265.909088
30, 271.363647
30, 273.681824
30, 277.090912
30, 278.454559
30, 285.545441
30, 292.090912
30, 294.818176
30, 300.000000
30, 308.318176
30, 314.727264
30, 322.090912
30, 327.954559
30, 340.500000
30, 347.727264
30, 357.954559
30, 47.727272
30, 48.818180
30, 55.772728
30, 67.772728
30, 74.045456
30, 85.772728
30, 90.272728
30, 96.000000
30, 102.000000
30, 107.727272
30, 116.590912
30, 119.863640
30, 127.227272
30, 131.863632
30, 131.863632
30, 138.000000
30, 141.272720
30, 145.909088
30, 152.590912
30, 152.590912
30, 156.818176
30, 162.000000
30, 167.045456
30, 173.727280
30, 183.818176
30, 187.090912
30, 192.136368
30, 201.818176
30, 207.272720
30, 217.363632
30, 223.090912
30, 232.363632
30, 241.090912
30, 246.954544
30, 249.681824
30, 255.409088
30, 258.409088
30, 273.136353
30, 265.227264
30, 266.863647
30, 280.363647
30, 282.818176
30, 285.818176
30, 288.681824
30, 295.500000
30, 305.318176
30, 305.863647
30, 314.454559
30, 320.863647
30, 327.954559
30, 337.500000
30, 347.318176
30, 350.863647
30, 45.000000
30, 53.318180
30, 64.227272
30, 72.954544
30, 80.863640
30, 85.772728
30, 91.227272
30, 102.000000
30, 103.772728
30, 110.590912
30, 115.227272
30, 119.454544
30, 129.818176
30, 130.090912
30, 134.454544
30, 139.227280
30, 142.090912
30, 147.545456
30, 150.681824
30, 155.045456
30, 157.909088
30, 160.090912
30, 164.045456
30, 172.090912
30, 175.772720
30, 184.363632
30, 197.454544
30, 201.409088
30, 215.045456
30, 221.863632
30, 228.818176
30, 242.863632
30, 244.500000
30, 249.409088
30, 254.590912
30, 256.772736
30, 260.181824
30, 263.590912
30, 269.863647
30, 272.454559
30, 278.454559
30, 283.500000
30, 288.409088
30, 293.045441
30, 300.000000
30, 302.590912
30, 315.000000
30, 316.090912
30, 324.954559
30, 330.000000
30, 340.772736
30, 345.818176
30, 355.363647
30, 48.136364
30, 58.090908
30, 64.500000
30, 72.000000
30, 79.363640
30, 87.954544
30, 93.681816
30, 104.454544
30, 108.136360
30, 115.363640
30, 121.363640
30, 127.363640
30, 133.772720
30, 137.181824
30, 137.454544
30, 143.863632
30, 149.454544
30, 151.227280
30, 152.318176
30, 159.409088
30, 165.000000
30, 168.000000
30, 172.500000
30, 175.500000
30, 184.636368
30, 188.318176
30, 199.363632
30, 206.590912
30, 215.590912
30, 226.909088
30, 234.545456
30, 235.090912
30, 250.227280
30, 249.272720
30, 255.954544
30, 258.409088
30, 262.227264
30, 267.954559
30, 269.454559
30, 273.409088
30, 276.000000
30, 282.818176
30, 285.818176
30, 288.409088
30, 296.045441
30, 301.772736
30, 309.681824
30, 312.818176
30, 323.181824
30, 333.136353
30, 340.227264
30, 351.545441
30, 355.772736
30, 48.954544
30, 56.863636
30, 62.727272
30, 74.045456
30, 79.363640
30, 86.181816
30, 90.272728
30, 95.045456
30, 105.136360
30, 110.181816
30, 114.545456
30, 119.863640
30, 126.136360
30, 129.818176
30, 132.954544
30, 140.727280
30, 142.500000
30, 147.681824
30, 150.272720
30, 153.000000
30, 162.000000
30, 158.727280
30, 167.045456
30, 172.090912
30, 179.863632
40, 193.227280
40, 199.363632
40, 208.090912
40, 219.409088
40, 229.636368
40, 239.454544
40, 249.272720
40, 255.545456
40, 260.181824
40, 267.000000
40, 273.954559
40, 280.636353
40, 282.818176
40, 292.363647
40, 300.000000
40, 310.090912
40, 313.772736
40, 324.409088
40, 337.227264
40, 346.909088
40, 360.000000
40, 52.363636
40, 69.681816
40, 78.000000
40, 87.954544
40, 96.000000
40, 107.318184
40, 111.409088
40, 118.363640
40, 121.636360
40, 135.681824
40, 134.454544
40, 147.954544
40, 147.136368
40, 154.090912
40, 158.727280
40, 164.454544
40, 171.136368
40, 180.409088
40, 185.590912
40, 202.772720
40, 213.545456
40, 226.227280
40, 230.863632
40, 246.136368
40, 252.272720
40, 254.590912
40, 262.909088
40, 264.818176
40, 276.000000
40, 278.181824
40, 283.500000
40, 292.227264
40, 297.409088
40, 300.545441
40, 314.590912
40, 323.590912
40, 334.227264
40, 345.954559
40, 351.681824
40, 47.454544
40, 58.090908
40, 69.818184
40, 79.500000
40, 90.136360
40, 98.727272
40, 105.136360
40, 112.227272
40, 123.136360
40, 131.863632
40, 138.272720
40, 142.772720
40, 147.954544
40, 153.000000
40, 154.090912
40, 158.181824
40, 166.636368
40, 170.045456
40, 182.181824
40, 188.863632
40, 205.500000
40, 216.818176
40, 228.000000
40, 239.181824
40, 244.227280
40, 252.272720
40, 261.000000
40, 262.909088
40, 271.636353
40, 276.409088
40, 281.590912
40, 284.863647
40, 293.318176
40, 302.181824
40, 309.000000
40, 318.136353
40, 331.772736
40, 340.772736
40, 350.045441
40, 43.363636
40, 54.818180
40, 78.681816
40, 63.954544
40, 86.863640
40, 93.818184
40, 102.000000
40, 110.590912
40, 119.454544
40, 127.636360
40, 137.454544
40, 141.681824
40, 143.318176
40, 150.000000
40, 154.363632
40, 159.409088
40, 164.454544
40, 176.181824
40, 183.954544
40, 191.181824
40, 207.272720
40, 219.136368
40, 234.818176
40, 241.909088
40, 246.272720
40, 252.818176
40, 257.727264
40, 266.181824
40, 265.227264
40, 273.409088
40, 277.090912
40, 285.272736
40, 292.227264
40, 299.454559
40, 304.772736
40, 317.590912
40, 323.727264
40, 339.545441
40, 345.818176
40, 360.000000
40, 52.090908
40, 66.000000
40, 74.318184
40, 85.090912
40, 94.090912
40, 105.681816
40, 112.772728
40, 119.454544
40, 128.863632
40, 131.181824
40, 137.181824
40, 142.227280
40, 144.954544
40, 152.045456
40, 157.363632
40, 164.454544
40, 171.681824
40, 178.909088
40, 190.227280
40, 200.181824
40, 207.272720
40, 223.090912
40, 232.772720
40, 241.909088
40, 251.181824
40, 257.045441
40, 260.863647
40, 264.954559
40, 269.863647
40, 275.590912
40, 284.590912
40, 286.363647
40, 295.909088
40, 303.954559
40, 310.227264
40, 320.318176
40, 331.090912
40, 345.954559
40, 355.909088
40, 48.000000
40, 59.181820
40, 68.454544
40, 81.545456
40, 89.590912
40, 102.000000
40, 109.500000
40, 116.454544
40, 121.909088
40, 130.227280
40, 136.909088
40, 143.181824
40, 145.636368
40, 154.090912
40, 156.409088
40, 161.181824
40, 168.681824
40, 175.227280
40, 187.363632
40, 198.409088
40, 211.500000
40, 222.409088
40, 235.090912
40, 241.090912
40, 250.090912
40, 255.000000
40, 263.318176
40, 265.500000
40, 270.818176
40, 277.090912
40, 280.090912
40, 288.136353
40, 296.181824
40, 300.681824
40, 317.590912
40, 322.772736
40, 334.772736
40, 347.181824
40, 354.545441
40, 51.136364
40, 61.090908
40, 72.409088
40, 84.136360
40, 89.454544
40, 96.681816
40, 107.045456
40, 119.454544
40, 120.409088
40, 129.409088
40, 136.363632
40, 144.954544
40, 148.500000
40, 150.954544
40, 159.136368
40, 166.500000
40, 171.954544
40, 179.863632
40, 188.863632
40, 201.954544
40, 212.181824
40, 220.227280
40, 234.272720
40, 239.590912
40, 247.909088
40, 254.181824
40, 259.772736
40, 268.909088
40, 271.227264
40, 276.000000
40, 281.181824
40, 291.954559
40, 294.681824
40, 307.090912
40, 314.727264
40, 318.818176
40, 337.227264
40, 344.863647
40, 360.000000
40, 51.818180
40, 63.954544
40, 70.636360
40, 84.681816
40, 91.363640
40, 100.090912
40, 110.454544
40, 118.363640
40, 124.909088
40, 133.909088
40, 140.181824
40, 141.818176
40, 144.000000
40, 153.000000
40, 154.363632
40, 162.409088
40, 166.636368
40, 173.590912
40, 183.954544
40, 197.454544
40, 209.863632
40, 219.409088
40, 231.545456
40, 239.863632
40, 245.318176
40, 253.636368
40, 261.681824
40, 267.272736
40, 268.909088
40, 276.000000
40, 283.363647
40, 283.500000
40, 293.727264
40, 301.227264
40, 308.318176
40, 317.590912
40, 330.000000
40, 339.545441
40, 352.090912
40, 46.909092
40, 58.363636
40, 67.636360
40, 76.227272
40, 89.181816
40, 96.000000
40, 104.181816
40, 114.000000
40, 122.454544
40, 131.863632
40, 135.409088
40, 136.909088
40, 145.363632
40, 150.272720
40, 159.000000
40, 159.818176
40, 164.318176
40, 174.954544
40, 183.272720
40, 190.772720
40, 203.181824
40, 218.727280
40, 229.090912
40, 239.181824
40, 245.863632
40, 253.090912
40, 258.272736
40, 265.227264
40, 271.363647
40, 273.272736
40, 282.818176
40, 288.272736
40, 296.181824
40, 302.454559
40, 308.318176
40, 320.045441
40, 329.181824
40, 343.363647
40, 354.136353
40, 47.318180
40, 59.181820
40, 68.727272
40, 81.545456
40, 89.454544
40, 96.681816
40, 105.136360
40, 108.954544
40, 116.590912
40, 120.545456
40, 126.681816
40, 135.000000
40, 142.227280
40, 148.909088
40, 147.954544
40, 154.363632
40, 163.500000
40, 166.772720
40, 177.545456
40, 186.000000
40, 196.636368
40, 211.363632
40, 218.863632
40, 229.636368
40, 238.090912
40, 248.454544
40, 251.454544
40, 257.318176
40, 263.590912
40, 268.909088
40, 272.181824
40, 279.681824
40, 286.636353
40, 288.954559
40, 301.772736
40, 312.545441
40, 315.000000
40, 328.090912
40, 341.318176
40, 351.136353
40, 43.500000
40, 53.727272
40, 68.454544
40, 75.681816
40, 87.954544
40, 98.318184
40, 105.954544
40, 115.772728
40, 120.818184
40, 130.227280
40, 139.227280
40, 141.272720
40, 146.045456
40, 148.090912
40, 155.045456
40, 159.681824
40, 165.818176
40, 176.863632
40, 182.590912
40, 194.590912
40, 207.000000
40, 221.863632
40, 230.454544
40, 240.681824
40, 248.045456
40, 251.727280
40, 259.772736
40, 263.590912
40, 268.772736
40, 277.909088
40, 279.818176
40, 289.090912
40, 292.500000
40, 300.000000
40, 308.318176
40, 319.227264
40, 328.090912
40, 337.772736
40, 349.500000
40, 62.318180
40, 51.136364
40, 62.181820
40, 74.181816
40, 86.318184
40, 93.272728
40, 103.772728
40, 105.954544
40, 117.409088
40, 126.818184
40, 130.909088
40, 135.136368
40, 138.818176
40, 149.454544
40, 152.590912
40, 155.181824
40, 162.818176
40, 167.863632
40, 174.681824
40, 180.409088
40, 193.636368
40, 208.772720
40, 216.954544
40, 232.363632
40, 241.636368
40, 247.909088
40, 252.272720
40, 259.772736
40, 264.954559
40, 271.500000
40, 275.318176
40, 282.818176
40, 287.454559
40, 294.818176
40, 301.227264
40, 311.045441
40, 320.045441
40, 331.636353
40, 341.045441
40, 355.909088
40, 49.636364
40, 59.318180
40, 72.000000
40, 79.909088
40, 86.454544
40, 97.227272
40, 107.045456
40, 112.772728
40, 125.590912
40, 129.409088
40, 132.272720
40, 138.954544
40, 143.590912
40, 147.545456
40, 152.318176
40, 156.545456
40, 164.727280
40, 168.681824
40, 177.545456
40, 190.227280
40, 210.000000
40, 224.318176
40, 200.454544
40, 233.045456
40, 247.227280
40, 245.181824
40, 253.636368
40, 259.772736
40, 264.000000
40, 269.727264
40, 276.681824
40, 284.590912
40, 288.409088
40, 294.545441
40, 303.681824
40, 314.318176
40, 320.318176
40, 328.500000
40, 338.863647
40, 349.500000
40, 45.136364
40, 53.454544
40, 67.363640
40, 76.227272
40, 89.863640
40, 99.681816
50, 117.545456
50, 123.136360
50, 133.363632
50, 137.454544
50, 148.090912
50, 151.363632
50, 158.727280
50, 165.000000
50, 174.681824
50, 180.409088
50, 199.636368
50, 213.272720
50, 226.363632
50, 243.136368
50, 250.227280
50, 256.909088
50, 265.227264
50, 273.136353
50, 276.409088
50, 280.636353
50, 294.409088
50, 302.454559
50, 311.181824
50, 324.545441
50, 338.590912
50, 352.636353
50, 47.045456
50, 63.409092
50, 73.909088
50, 91.227272
50, 97.227272
50, 113.590912
50, 121.363640
50, 127.227272
50, 135.136368
50, 144.000000
50, 149.454544
50, 156.272720
50, 162.000000
50, 170.727280
50, 182.181824
50, 194.318176
50, 210.000000
50, 224.045456
50, 237.954544
50, 245.181824
50, 253.090912
50, 259.772736
50, 265.909088
50, 271.500000
50, 278.181824
50, 286.636353
50, 297.409088
50, 306.818176
50, 318.818176
50, 331.772736
50, 349.772736
50, 352.636353
50, 55.090908
50, 65.590912
50, 80.863640
50, 94.363640
50, 103.090912
50, 114.136360
50, 127.227272
50, 130.227280
50, 134.863632
50, 144.954544
50, 149.181824
50, 151.363632
50, 163.227280
50, 170.454544
50, 179.863632
50, 194.590912
50, 210.409088
50, 225.681824
50, 237.818176
50, 245.863632
50, 258.000000
50, 262.909088
50, 265.909088
50, 273.681824
50, 279.681824
50, 292.090912
50, 296.590912
50, 303.818176
50, 315.954559
50, 326.727264
50, 344.863647
50, 360.000000
50, 56.727272
50, 70.500000
50, 82.772728
50, 90.272728
50, 100.772728
50, 114.545456
50, 126.409088
50, 134.590912
50, 141.272720
50, 147.409088
50, 154.636368
50, 163.772720
50, 165.136368
50, 174.136368
50, 187.909088
50, 196.363632
50, 214.363632
50, 226.227280
50, 238.363632
50, 247.090912
50, 258.409088
50, 259.772736
50, 271.772736
50, 275.181824
50, 284.727264
50, 294.272736
50, 300.272736
50, 311.590912
50, 320.863647
50, 337.500000
50, 348.545441
50, 46.772728
50, 60.545456
50, 74.045456
50, 83.590912
50, 99.272728
50, 106.636360
50, 119.863640
50, 124.909088
50, 134.590912
50, 140.727280
50, 144.272720
50, 148.909088
50, 158.181824
50, 164.454544
50, 175.772720
50, 187.363632
50, 199.227280
50, 214.363632
50, 229.636368
50, 241.636368
50, 252.818176
50, 256.772736
50, 265.909088
50, 271.909088
50, 278.863647
50, 286.363647
50, 292.227264
50, 299.454559
50, 311.181824
50, 320.045441
50, 334.636353
50, 350.045441
50, 46.909092
50, 59.181820
50, 73.227272
50, 85.772728
50, 94.090912
50, 107.727272
50, 119.181816
50, 129.545456
50, 136.500000
50, 140.863632
50, 149.181824
50, 154.363632
50, 160.636368
50, 168.681824
50, 175.227280
50, 183.954544
50, 198.409088
50, 217.500000
50, 232.090912
50, 241.909088
50, 252.000000
50, 258.954559
50, 263.590912
50, 268.363647
50, 278.454559
50, 282.136353
50, 288.409088
50, 300.681824
50, 310.909088
50, 320.863647
50, 334.227264
50, 343.227264
50, 357.000000
50, 58.090908
50, 69.545456
50, 78.272728
50, 88.227272
50, 100.500000
50, 112.772728
50, 119.863640
50, 130.090912
50, 137.045456
50, 145.500000
50, 147.545456
50, 159.409088
50, 162.681824
50, 175.363632
50, 182.181824
50, 199.909088
50, 214.090912
50, 227.318176
50, 239.863632
50, 248.863632
50, 256.772736
50, 259.772736
50, 270.136353
50, 273.681824
50, 280.090912
50, 290.863647
50, 299.454559
50, 308.318176
50, 319.227264
50, 332.045441
50, 349.772736
50, 360.000000
50, 58.363636
50, 72.409088
50, 83.454544
50, 96.000000
50, 105.409088
50, 116.454544
50, 126.681816
50, 131.181824
50, 140.727280
50, 147.409088
50, 152.045456
50, 157.909088
50, 164.454544
50, 172.909088
50, 184.227280
50, 195.136368
50, 213.545456
50, 227.318176
50, 239.863632
50, 251.454544
50, 258.136353
50, 260.181824
50, 267.681824
50, 273.136353
50, 279.681824
50, 288.409088
50, 297.818176
50, 307.090912
50, 320.045441
50, 336.409088
50, 343.363647
50, 357.136353
50, 53.318180
50, 68.045456
50, 79.909088
50, 93.818184
50, 106.090912
50, 116.590912
50, 124.227272
50, 133.363632
50, 137.045456
50, 147.136368
50, 150.272720
50, 162.681824
50, 164.045456
50, 170.181824
50, 185.590912
50, 199.636368
50, 213.272720
50, 229.090912
50, 244.090912
50, 248.863632
50, 258.000000
50, 262.363647
50, 269.454559
50, 278.454559
50, 282.136353
50, 291.000000
50, 298.772736
50, 310.090912
50, 318.409088
50, 333.409088
50, 346.363647
50, 360.000000
50, 61.227272
50, 67.772728
50, 82.227272
50, 95.590912
50, 105.136360
50, 115.772728
50, 127.363640
50, 135.681824
50, 140.045456
50, 147.409088
50, 154.363632
50, 159.409088
50, 169.363632
50, 178.909088
50, 182.863632
50, 200.181824
50, 214.090912
50, 230.590912
50, 239.863632
50, 251.727280
50, 255.954544
50, 263.590912
50, 271.772736
50, 277.090912
50, 283.636353
50, 292.500000
50, 298.500000
50, 311.318176
50, 323.590912
50, 335.045441
50, 355.363647
50, 47.454544
50, 61.909092
50, 73.772728
50, 86.181816
50, 96.000000
50, 109.363640
50, 116.181816
50, 127.227272
50, 139.772720
50, 138.545456
50, 143.863632
50, 150.272720
50, 159.000000
50, 166.363632
50, 176.045456
50, 186.000000
50, 201.136368
50, 217.363632
50, 230.863632
50, 243.272720
50, 251.454544
50, 256.363647
50, 264.954559
50, 271.772736
50, 276.409088
50, 282.818176
50, 290.590912
50, 298.227264
50, 311.318176
50, 319.909088
50, 335.045441
50, 350.863647
50, 47.590908
50, 58.909092
50, 73.772728
50, 86.318184
50, 93.818184
50, 106.636360
50, 115.772728
50, 127.636360
50, 134.863632
50, 141.681824
50, 146.863632
50, 157.772720
50, 160.636368
50, 168.954544
50, 173.863632
50, 188.045456
50, 204.954544
50, 216.818176
50, 229.772720
50, 241.636368
50, 252.272720
50, 259.772736
50, 264.000000
50, 272.727264
50, 281.181824
50, 287.318176
50, 294.818176
50, 302.863647
50, 314.727264
50, 326.727264
50, 340.500000
50, 356.590912
50, 53.454544
50, 63.954544
50, 77.590912
50, 88.909088
50, 98.318184
50, 109.363640
50, 121.636360
50, 126.818184
50, 134.863632
50, 145.636368
50, 148.909088
50, 158.181824
50, 165.681824
50, 170.727280
50, 183.545456
50, 197.863632
50, 211.363632
50, 228.681824
50, 239.863632
50, 250.090912
50, 254.318176
50, 262.909088
50, 268.500000
50, 275.045441
50, 281.454559
50, 291.000000
50, 294.954559
50, 310.500000
50, 316.500000
50, 329.454559
50, 345.545441
50, 355.363647
50, 54.954544
50, 67.909088
50, 79.909088
50, 92.318184
50, 105.409088
50, 113.590912
50, 124.363640
50, 131.863632
50, 139.227280
50, 145.636368
50, 151.363632
50, 151.909088
50, 159.681824
50, 172.090912
50, 180.818176
50, 193.363632
50, 204.954544
50, 218.727280
50, 231.545456
50, 245.590912
50, 252.818176
50, 262.090912
50, 265.227264
50, 270.545441
50, 277.909088
50, 285.818176
50, 294.272736
50, 302.045441
50, 312.136353
50, 327.409088
50, 338.863647
50, 353.045441
50, 51.818180
50, 63.681820
50, 73.909088
50, 85.090912
50, 98.590912
50, 107.045456
50, 115.636360
50, 126.409088
50, 134.590912
50, 142.227280
50, 142.772720
50, 153.272720
50, 162.409088
50, 168.818176
50, 174.954544
50, 186.818176
50, 198.681824
50, 217.363632
50, 232.090912
50, 244.909088
50, 253.090912
50, 258.272736
50, 263.590912
50, 268.500000
50, 281.590912
50, 288.000000
50, 292.772736
50, 301.227264
50, 310.500000
50, 326.181824
50, 343.363647
50, 353.045441
50, 50.045456
50, 63.681820
50, 74.454544
50, 91.363640
50, 103.909088
50, 105.409088
50, 118.909088
50, 126.409088
50, 136.500000
50, 144.954544
50, 149.181824
50, 154.090912
50, 157.772720
50, 168.000000
50, 175.500000
50, 187.090912
50, 199.363632
50, 213.545456
50, 226.909088
50, 240.136368
50, 250.090912
50, 255.409088
50, 263.318176
50, 271.363647
50, 275.045441
50, 282.818176
60, 299.181824
60, 313.909088
60, 324.272736
60, 342.272736
60, 360.000000
60, 59.863636
60, 77.045456
60, 95.727272
60, 110.181816
60, 131.863632
60, 119.454544
60, 140.045456
60, 149.727280
60, 155.727280
60, 167.863632
60, 174.681824
60, 191.590912
60, 207.954544
60, 225.136368
60, 238.636368
60, 251.454544
60, 258.272736
60, 269.727264
60, 275.045441
60, 280.636353
60, 289.500000
60, 300.272736
60, 316.909088
60, 326.727264
60, 340.227264
60, 46.090908
60, 61.227272
60, 80.181816
60, 92.727272
60, 105.136360
60, 117.136360
60, 122.454544
60, 134.454544
60, 143.590912
60, 151.363632
60, 156.409088
60, 165.545456
60, 179.454544
60, 193.227280
60, 212.454544
60, 230.454544
60, 245.045456
60, 255.545456
60, 265.909088
60, 271.772736
60, 278.181824
60, 286.636353
60, 297.409088
60, 311.181824
60, 326.045441
60, 340.636353
60, 358.909088
60, 60.409092
60, 74.727272
60, 88.636360
60, 102.681816
60, 116.318184
60, 128.863632
60, 138.000000
60, 148.090912
60, 149.590912
60, 159.545456
60, 168.681824
60, 184.227280
60, 196.363632
60, 216.818176
60, 231.545456
60, 244.636368
60, 254.590912
60, 260.863647
60, 269.454559
60, 276.954559
60, 282.136353
60, 291.954559
60, 305.181824
60, 321.681824
60, 333.818176
60, 350.590912
60, 51.136364
60, 68.590912
60, 84.136360
60, 96.545456
60, 110.727272
60, 122.863640
60, 129.545456
60, 142.090912
60, 149.727280
60, 155.590912
60, 164.045456
60, 175.227280
60, 188.045456
60, 200.181824
60, 223.636368
60, 238.363632
60, 247.636368
60, 258.000000
60, 266.727264
60, 273.136353
60, 280.090912
60, 290.863647
60, 302.454559
60, 314.727264
60, 332.590912
60, 349.090912
60, 50.181820
60, 66.136360
60, 78.409088
60, 93.272728
60, 108.954544
60, 115.636360
60, 127.227272
60, 136.363632
60, 147.409088
60, 153.681824
60, 161.454544
60, 175.363632
60, 190.772720
60, 210.000000
60, 222.409088
60, 239.181824
60, 249.681824
60, 256.363647
60, 267.000000
60, 276.000000
60, 284.590912
60, 286.636353
60, 302.863647
60, 312.818176
60, 325.772736
60, 340.500000
60, 360.000000
60, 61.227272
60, 76.500000
60, 89.727272
60, 105.409088
60, 117.818184
60, 131.454544
60, 135.409088
60, 147.136368
60, 151.363632
60, 159.954544
60, 170.727280
60, 184.636368
60, 201.954544
60, 222.136368
60, 232.363632
60, 246.136368
60, 253.772720
60, 260.181824
60, 270.272736
60, 279.000000
60, 285.818176
60, 295.909088
60, 314.727264
60, 325.363647
60, 341.727264
60, 359.045441
60, 60.000000
60, 73.772728
60, 87.954544
60, 99.136360
60, 109.363640
60, 122.590912
60, 133.772720
60, 140.863632
60, 148.500000
60, 157.636368
60, 171.136368
60, 179.181824
60, 193.636368
60, 216.954544
60, 234.545456
60, 243.681824
60, 253.363632
60, 262.772736
60, 266.181824
60, 279.000000
60, 284.181824
60, 292.363647
60, 309.409088
60, 323.727264
60, 332.590912
60, 355.363647
60, 50.454544
60, 70.363640
60, 83.727272
60, 99.000000
60, 108.954544
60, 121.636360
60, 128.863632
60, 138.136368
60, 145.636368
60, 152.318176
60, 165.000000
60, 175.772720
60, 184.500000
60, 203.318176
60, 223.636368
60, 235.909088
60, 251.454544
60, 258.272736
60, 266.863647
60, 273.136353
60, 280.363647
60, 292.227264
60, 304.090912
60, 314.727264
60, 332.590912
60, 347.181824
60, 49.363636
60, 60.545456
60, 76.500000
60, 88.636360
60, 103.772728
60, 114.545456
60, 127.909088
60, 135.409088
60, 144.272720
60, 152.727280
60, 160.772720
60, 171.136368
60, 183.681824
60, 194.863632
60, 216.818176
60, 230.454544
60, 246.681824
60, 255.954544
60, 262.227264
60, 273.136353
60, 279.409088
60, 287.727264
60, 302.590912
60, 318.000000
60, 331.772736
60, 342.681824
60, 41.318180
60, 62.045456
60, 79.090912
60, 89.181816
60, 104.454544
60, 116.590912
60, 131.181824
60, 135.409088
60, 143.318176
60, 151.909088
60, 164.045456
60, 173.181824
60, 186.136368
60, 203.045456
60, 218.727280
60, 236.181824
60, 247.227280
60, 259.227264
60, 267.272736
60, 274.227264
60, 284.318176
60, 292.227264
60, 301.090912
60, 317.454559
60, 331.636353
60, 346.909088
60, 46.090908
60, 66.818184
60, 81.954544
60, 95.727272
60, 103.772728
60, 114.545456
60, 130.909088
60, 138.272720
60, 148.227280
60, 154.090912
60, 158.454544
60, 165.000000
60, 180.136368
60, 201.272720
60, 220.090912
60, 234.818176
60, 242.863632
60, 252.681824
60, 263.181824
60, 271.772736
60, 280.090912
60, 286.636353
60, 295.636353
60, 308.318176
60, 324.818176
60, 340.500000
60, 356.045441
60, 58.772728
60, 67.772728
60, 87.954544
60, 102.000000
60, 114.545456
60, 126.681816
60, 137.181824
60, 141.272720
60, 154.363632
60, 158.181824
60, 169.363632
60, 180.409088
60, 194.863632
60, 210.409088
60, 233.863632
60, 244.227280
60, 250.227280
60, 262.090912
60, 268.090912
60, 278.454559
60, 286.363647
60, 293.181824
60, 307.090912
60, 320.318176
60, 333.818176
60, 354.954559
60, 55.090908
60, 68.045456
60, 88.909088
60, 98.318184
60, 106.909088
60, 121.227272
60, 131.181824
60, 145.363632
60, 148.909088
60, 157.363632
60, 165.409088
60, 177.545456
60, 194.590912
60, 213.818176
60, 231.000000
60, 241.636368
60, 255.000000
60, 262.909088
60, 273.681824
60, 279.409088
60, 286.636353
60, 293.454559
60, 310.909088
60, 323.590912
60, 344.863647
60, 353.590912
60, 60.136364
60, 72.409088
60, 88.636360
60, 101.454544
60, 115.227272
60, 124.227272
60, 136.363632
60, 141.681824
60, 150.000000
60, 158.454544
60, 166.090912
60, 175.772720
60, 192.818176
60, 216.000000
60, 230.863632
60, 243.681824
60, 254.181824
60, 261.681824
60, 268.090912
60, 272.181824
60, 283.227264
60, 291.000000
60, 303.818176
60, 318.000000
60, 332.045441
60, 351.954559
60, 49.909092
60, 64.227272
60, 78.681816
60, 93.272728
60, 106.636360
60, 121.636360
60, 128.318176
60, 137.863632
60, 143.590912
60, 153.681824
60, 164.454544
60, 172.090912
60, 183.954544
60, 203.590912
60, 220.772720
60, 229.636368
60, 247.090912
60, 253.363632
60, 263.181824
60, 269.727264
60, 281.181824
60, 289.090912
60, 300.000000
60, 313.227264
60, 326.863647
60, 347.863647
60, 360.000000
60, 61.090908
60, 77.863640
60, 90.272728
60, 109.500000
60, 114.545456
60, 127.909088
60, 137.454544
60, 145.636368
60, 154.363632
60, 159.954544
60, 170.045456
60, 182.181824
60, 192.136368
60, 210.681824
60, 229.772720
60, 244.636368
60, 255.000000
60, 263.590912
60, 277.909088
60, 270.272736
60, 286.636353
60, 299.181824
60, 316.909088
60, 324.545441
60, 341.318176
60, 359.318176
60, 57.954544
60, 75.954544
60, 87.954544
60, 100.909088
60, 112.772728
60, 124.363640
60, 132.136368
60, 144.954544
60, 147.409088
60, 155.454544
60, 168.000000
60, 177.136368
60, 188.863632
60, 213.272720
60, 227.863632
60, 240.136368
60, 252.818176
60, 259.500000
60, 271.500000
60, 276.681824
60, 284.727264
60, 297.272736
60, 305.181824
60, 318.000000
60, 336.409088
60, 355.636353
60, 53.181820
60, 69.136360
60, 84.136360
60, 96.545456
60, 111.409088
60, 121.772728
60, 131.454544
60, 143.181824
60, 150.545456
60, 159.000000
60, 168.000000
60, 179.454544
60, 187.227280
60, 207.136368
60, 228.000000
60, 241.909088
60, 252.272720
60, 259.227264
60, 266.863647
60, 274.772736
60, 280.636353
60, 296.318176
60, 305.590912
60, 335.045441
60, 321.545441
60, 351.954559
60, 53.318180
60, 67.363640
60, 82.772728
60, 95.727272
60, 113.590912
60, 123.136360
60, 136.090912
60, 139.772720
60, 144.000000
60, 154.363632
60, 163.500000
60, 173.727280
60, 189.954544
60, 199.363632
60, 225.272720
60, 236.318176
60, 250.227280
60, 260.181824
60, 275.454559
60, 264.954559
60, 284.454559
60, 292.227264
60, 302.454559
70, 328.090912
70, 342.681824
70, 47.454544
70, 65.863640
70, 89.181816
70, 103.500000
70, 121.772728
70, 133.090912
70, 147.136368
70, 156.272720
70, 166.636368
70, 179.454544
70, 201.681824
70, 225.409088
70, 239.863632
70, 255.545456
70, 262.090912
70, 273.681824
70, 279.409088
70, 291.954559
70, 306.818176
70, 325.772736
70, 336.954559
70, 358.909088
70, 62.318180
70, 84.681816
70, 100.090912
70, 114.545456
70, 128.863632
70, 141.136368
70, 152.590912
70, 159.272720
70, 170.318176
70, 184.500000
70, 206.454544
70, 224.045456
70, 241.636368
70, 250.090912
70, 263.590912
70, 273.136353
70, 282.136353
70, 293.727264
70, 311.590912
70, 328.500000
70, 350.590912
70, 48.818180
70, 71.181816
70, 86.727272
70, 107.454544
70, 119.181816
70, 134.454544
70, 140.727280
70, 148.090912
70, 157.909088
70, 171.136368
70, 182.863632
70, 201.954544
70, 222.136368
70, 243.136368
70, 257.045441
70, 262.772736
70, 271.772736
70, 283.363647
70, 294.818176
70, 309.000000
70, 326.181824
70, 348.272736
70, 51.000000
70, 71.181816
70, 86.318184
70, 106.090912
70, 119.181816
70, 134.863632
70, 143.181824
70, 151.909088
70, 165.409088
70, 178.090912
70, 194.454544
70, 215.590912
70, 235.636368
70, 247.636368
70, 261.000000
70, 271.363647
70, 279.681824
70, 292.227264
70, 302.863647
70, 320.045441
70, 335.045441
70, 360.000000
70, 60.409092
70, 76.090912
70, 97.227272
70, 110.863640
70, 126.818184
70, 136.363632
70, 147.545456
70, 154.363632
70, 167.045456
70, 179.863632
70, 196.909088
70, 223.090912
70, 239.045456
70, 251.727280
70, 264.818176
70, 270.272736
70, 280.636353
70, 294.000000
70, 308.727264
70, 328.636353
70, 344.863647
70, 48.954544
70, 68.045456
70, 86.318184
70, 103.772728
70, 117.136360
70, 132.272720
70, 142.500000
70, 147.681824
70, 159.818176
70, 170.454544
70, 187.500000
70, 208.772720
70, 225.681824
70, 245.863632
70, 258.409088
70, 266.454559
70, 273.136353
70, 281.454559
70, 297.545441
70, 310.090912
70, 330.409088
70, 351.818176
70, 53.181820
70, 69.272728
70, 89.727272
70, 107.045456
70, 117.136360
70, 131.181824
70, 141.681824
70, 149.454544
70, 161.045456
70, 169.363632
70, 184.500000
70, 204.545456
70, 225.954544
70, 243.409088
70, 255.000000
70, 265.227264
70, 271.909088
70, 282.818176
70, 297.818176
70, 314.590912
70, 329.181824
70, 346.909088
70, 53.454544
70, 71.727272
70, 87.000000
70, 108.954544
70, 115.772728
70, 131.181824
70, 142.772720
70, 149.454544
70, 159.681824
70, 172.500000
70, 188.863632
70, 206.454544
70, 233.045456
70, 248.045456
70, 257.045441
70, 263.318176
70, 273.272736
70, 286.090912
70, 299.181824
70, 313.227264
70, 330.545441
70, 350.454559
70, 54.545456
70, 72.818184
70, 90.681816
70, 103.772728
70, 117.000000
70, 129.409088
70, 146.863632
70, 148.227280
70, 163.227280
70, 173.727280
70, 190.500000
70, 213.272720
70, 233.590912
70, 249.818176
70, 262.227264
70, 266.863647
70, 279.409088
70, 286.363647
70, 302.045441
70, 316.636353
70, 335.454559
70, 356.454559
70, 56.727272
70, 75.409088
70, 93.272728
70, 112.772728
70, 127.500000
70, 138.818176
70, 142.227280
70, 157.227280
70, 169.363632
70, 178.636368
70, 200.454544
70, 220.772720
70, 238.363632
70, 251.727280
70, 260.181824
70, 271.090912
70, 278.454559
70, 290.863647
70, 303.818176
70, 318.409088
70, 342.272736
70, 360.000000
70, 63.681820
70, 82.636360
70, 98.590912
70, 116.590912
70, 128.318176
70, 137.045456
70, 147.545456
70, 157.636368
70, 168.000000
70, 180.818176
70, 204.409088
70, 224.045456
70, 242.454544
70, 250.500000
70, 261.272736
70, 274.090912
70, 282.818176
70, 295.909088
70, 306.681824
70, 326.045441
70, 346.909088
70, 50.863636
70, 70.636360
70, 83.727272
70, 100.090912
70, 116.590912
70, 130.227280
70, 141.954544
70, 150.545456
70, 159.409088
70, 171.545456
70, 182.181824
70, 201.136368
70, 223.772720
70, 241.636368
70, 255.409088
70, 266.181824
70, 273.954559
70, 282.818176
70, 294.545441
70, 309.545441
70, 327.954559
70, 349.227264
70, 52.363636
70, 71.454544
70, 90.136360
70, 109.500000
70, 121.636360
70, 133.363632
70, 143.590912
70, 156.409088
70, 162.818176
70, 174.136368
70, 195.681824
70, 213.409088
70, 235.909088
70, 252.000000
70, 261.681824
70, 270.272736
70, 279.409088
70, 290.863647
70, 305.590912
70, 322.500000
70, 339.954559
70, 360.000000
70, 64.909088
70, 81.136360
70, 98.181816
70, 117.000000
70, 131.454544
70, 141.818176
70, 147.681824
70, 159.954544
70, 165.136368
70, 181.909088
70, 201.272720
70, 224.181824
70, 239.590912
70, 250.090912
70, 259.500000
70, 271.636353
70, 280.772736
70, 293.318176
70, 305.590912
70, 320.045441
70, 342.681824
70, 50.045456
70, 65.590912
70, 82.909088
70, 98.727272
70, 115.772728
70, 127.500000
70, 143.590912
70, 150.409088
70, 160.090912
70, 170.454544
70, 185.590912
70, 204.681824
70, 221.863632
70, 243.272720
70, 253.772720
70, 265.227264
70, 274.772736
70, 281.181824
70, 295.636353
70, 311.727264
70, 330.409088
70, 346.500000
70, 48.136364
70, 70.636360
70, 85.772728
70, 107.727272
70, 119.590912
70, 133.772720
70, 143.863632
70, 151.363632
70, 161.045456
70, 176.863632
70, 191.318176
70, 213.000000
70, 234.818176
70, 248.045456
70, 261.681824
70, 268.909088
70, 279.681824
70, 293.045441
70, 305.181824
70, 318.000000
70, 339.681824
70, 356.590912
70, 65.863640
70, 82.909088
70, 94.772728
70, 113.181816
70, 130.363632
70, 139.227280
70, 147.681824
70, 154.363632
70, 169.772720
70, 180.272720
70, 199.636368
70, 223.772720
70, 239.590912
70, 253.090912
70, 261.681824
70, 273.136353
70, 281.863647
70, 294.818176
70, 311.590912
70, 328.227264
70, 349.090912
70, 51.818180
70, 70.636360
70, 89.454544
70, 103.772728
70, 118.090912
70, 131.863632
70, 141.681824
70, 148.500000
70, 157.227280
70, 169.636368
70, 183.954544
70, 205.500000
70, 231.000000
70, 243.409088
70, 251.454544
70, 265.772736
70, 273.136353
70, 281.454559
70, 294.818176
70, 309.409088
70, 325.909088
70, 347.863647
70, 51.136364
70, 69.681816
70, 85.772728
70, 107.318184
70, 120.818184
70, 129.545456
70, 144.954544
70, 148.909088
70, 161.454544
70, 165.818176
70, 183.818176
70, 201.818176
70, 225.409088
70, 243.681824
70, 253.090912
70, 264.954559
70, 272.727264
70, 285.136353
70, 293.727264
70, 311.045441
70, 327.954559
70, 346.363647
70, 52.090908
70, 72.954544
70, 86.454544
70, 101.454544
70, 122.454544
70, 131.863632
70, 140.045456
70, 152.318176
70, 161.727280
70, 174.954544
70, 188.863632
70, 212.454544
70, 231.818176
70, 248.181824
70, 259.500000
70, 266.454559
70, 276.000000
70, 288.136353
70, 298.227264
70, 311.590912
70, 332.181824
70, 356.454559
70, 54.954544
70, 71.727272
70, 93.818184
70, 108.409088
70, 122.045456
70, 134.863632
70, 140.181824
70, 151.363632
70, 159.681824
70, 170.045456
70, 187.090912
70, 207.954544
70, 228.681824
70, 239.590912
70, 254.318176
70, 264.818176
70, 274.772736
70, 287.045441
70, 297.272736
70, 312.545441
70, 327.545441
70, 349.636353
70, 53.318180
70, 71.454544
70, 88.909088
70, 108.954544
70, 121.363640
70, 133.363632
70, 143.863632
70, 147.409088
70, 159.136368
70, 170.454544
70, 187.090912
70, 205.636368
70, 228.818176
70, 242.727280
70, 255.409088
70, 264.000000
70, 268.363647
70, 284.863647
70, 295.909088
70, 311.318176
70, 328.227264
70, 351.681824
70, 51.409092
70, 64.227272
70, 86.181816
70, 99.681816
70, 115.772728
70, 128.045456
70, 139.227280
70, 150.954544
70, 162.818176
70, 169.363632
70, 186.409088
70, 211.772720
70, 234.136368
70, 242.181824
70, 256.772736
70, 268.500000
70, 279.409088
70, 287.454559
80, 314.181824
80, 336.545441
80, 355.363647
80, 58.909092
80, 81.545456
80, 103.090912
80, 120.136360
80, 135.136368
80, 146.181824
80, 158.454544
80, 168.818176
80, 190.227280
80, 216.818176
80, 233.045456
80, 253.090912
80, 263.590912
80, 278.181824
80, 287.318176
80, 299.318176
80, 320.318176
80, 343.090912
80, 50.045456
80, 71.727272
80, 91.500000
80, 109.363640
80, 121.363640
80, 136.363632
80, 145.636368
80, 155.045456
80, 169.636368
80, 183.954544
80, 207.000000
80, 233.590912
80, 249.000000
80, 258.545441
80, 268.500000
80, 280.363647
80, 296.045441
80, 310.500000
80, 330.136353
80, 351.681824
80, 60.545456
80, 76.500000
80, 95.318184
80, 112.772728
80, 129.954544
80, 141.136368
80, 153.000000
80, 164.045456
80, 178.090912
80, 203.045456
80, 225.272720
80, 244.500000
80, 259.772736
80, 268.500000
80, 280.090912
80, 294.545441
80, 307.090912
80, 328.772736
80, 352.227264
80, 57.272728
80, 78.954544
80, 98.590912
80, 113.181816
80, 127.636360
80, 152.590912
80, 144.136368
80, 162.000000
80, 178.227280
80, 197.045456
80, 225.409088
80, 241.909088
80, 257.045441
80, 265.636353
80, 275.045441
80, 291.000000
80, 305.863647
80, 323.318176
80, 347.045441
80, 51.136364
80, 73.227272
80, 93.136360
80, 107.727272
80, 126.000000
80, 139.772720
80, 148.909088
80, 163.090912
80, 173.727280
80, 193.227280
80, 218.045456
80, 239.590912
80, 255.409088
80, 266.727264
80, 276.000000
80, 288.681824
80, 306.818176
80, 321.545441
80, 344.863647
80, 50.863636
80, 75.409088
80, 94.636360
80, 111.409088
80, 126.681816
80, 142.227280
80, 148.227280
80, 161.454544
80, 174.954544
80, 193.363632
80, 220.636368
80, 240.818176
80, 255.000000
80, 263.590912
80, 274.772736
80, 288.000000
80, 302.181824
80, 315.681824
80, 337.500000
80, 44.454544
80, 67.090912
80, 88.909088
80, 105.409088
80, 121.227272
80, 137.454544
80, 146.863632
80, 155.045456
80, 173.454544
80, 186.409088
80, 206.863632
80, 233.045456
80, 250.500000
80, 260.181824
80, 272.727264
80, 285.818176
80, 293.727264
80, 311.590912
80, 336.000000
80, 355.909088
80, 60.545456
80, 81.136360
80, 103.772728
80, 111.409088
80, 130.227280
80, 142.227280
80, 152.727280
80, 164.045456
80, 179.863632
80, 199.090912
80, 227.727280
80, 247.909088
80, 259.227264
80, 268.090912
80, 277.909088
80, 292.500000
80, 310.500000
80, 328.772736
80, 352.636353
80, 59.181820
80, 82.772728
80, 96.000000
80, 114.409088
80, 128.590912
80, 141.818176
80, 153.000000
80, 163.090912
80, 176.590912
80, 197.454544
80, 225.409088
80, 246.136368
80, 255.545456
80, 271.363647
80, 279.681824
80, 290.863647
80, 305.181824
80, 320.318176
80, 345.136353
80, 54.954544
80, 76.500000
80, 96.136360
80, 110.863640
80, 124.500000
80, 137.181824
80, 148.090912
80, 157.909088
80, 173.863632
80, 192.545456
80, 218.863632
80, 235.909088
80, 253.772720
80, 261.000000
80, 267.272736
80, 279.000000
80, 294.545441
80, 311.318176
80, 330.409088
80, 353.181824
80, 55.500000
80, 83.045456
80, 95.727272
80, 115.772728
80, 131.181824
80, 145.636368
80, 151.363632
80, 168.000000
80, 185.318176
80, 201.954544
80, 226.227280
80, 247.500000
80, 259.500000
80, 267.000000
80, 281.863647
80, 293.727264
80, 307.090912
80, 328.500000
80, 345.954559
80, 55.500000
80, 75.818184
80, 93.681816
80, 107.181816
80, 124.500000
80, 138.818176
80, 149.181824
80, 160.090912
80, 173.590912
80, 194.863632
80, 219.409088
80, 239.590912
80, 256.636353
80, 266.727264
80, 277.090912
80, 291.409088
80, 304.090912
80, 322.090912
80, 345.545441
80, 49.636364
80, 76.090912
80, 91.363640
80, 107.318184
80, 127.772728
80, 141.818176
80, 154.090912
80, 162.000000
80, 175.772720
80, 198.409088
80, 222.272720
80, 243.272720
80, 255.954544
80, 270.272736
80, 276.681824
80, 287.727264
80, 304.772736
80, 323.590912
80, 344.590912
80, 51.818180
80, 71.181816
80, 92.863640
80, 108.000000
80, 124.772728
80, 138.954544
80, 149.181824
80, 157.909088
80, 173.727280
80, 193.363632
80, 216.954544
80, 242.454544
80, 253.090912
80, 263.590912
80, 274.772736
80, 287.318176
80, 299.590912
80, 316.500000
80, 339.545441
80, 47.454544
80, 68.727272
80, 86.454544
80, 105.136360
80, 123.545456
80, 138.272720
80, 144.136368
80, 156.409088
80, 166.772720
80, 187.227280
80, 212.181824
80, 234.136368
80, 247.909088
80, 258.954559
80, 270.272736
80, 279.409088
80, 292.500000
80, 307.090912
80, 323.590912
80, 347.727264
80, 51.954544
80, 71.727272
80, 92.863640
80, 104.181816
80, 127.227272
80, 136.909088
80, 147.136368
80, 157.227280
80, 173.727280
80, 192.818176
80, 219.954544
80, 238.090912
80, 255.545456
80, 265.909088
80, 275.318176
80, 287.045441
80, 300.545441
80, 318.954559
80, 346.090912
80, 52.090908
80, 70.772728
80, 93.136360
80, 109.500000
80, 128.454544
80, 138.545456
80, 148.500000
80, 164.454544
80, 173.181824
80, 193.227280
80, 215.727280
80, 234.136368
80, 254.590912
80, 262.090912
80, 273.136353
80, 287.045441
80, 296.318176
80, 314.727264
80, 338.590912
80, 357.954559
80, 63.545456
80, 86.727272
80, 106.636360
80, 121.772728
80, 135.681824
80, 148.500000
80, 159.136368
80, 168.000000
80, 189.272720
80, 213.272720
80, 235.090912
80, 252.818176
80, 264.000000
80, 271.363647
80, 280.090912
80, 296.454559
80, 313.227264
80, 335.454559
80, 357.409088
80, 60.409092
80, 80.727272
80, 99.136360
80, 118.909088
80, 134.454544
80, 147.136368
80, 155.318176
80, 168.272720
80, 178.772720
80, 204.954544
80, 227.181824
80, 244.090912
80, 259.772736
80, 268.363647
80, 281.863647
80, 292.772736
80, 311.590912
80, 331.772736
80, 350.863647
80, 62.181820
80, 82.090912
80, 96.000000
80, 119.454544
80, 133.090912
80, 144.272720
80, 154.363632
80, 166.363632
80, 182.181824
80, 202.090912
80, 228.818176
80, 247.227280
80, 256.772736
80, 268.500000
80, 284.590912
80, 296.045441
80, 311.590912
80, 332.045441
80, 357.409088
80, 60.000000
80, 84.272728
80, 102.000000
80, 117.136360
80, 131.863632
80, 143.181824
80, 150.681824
80, 163.500000
80, 182.181824
80, 204.954544
80, 225.681824
80, 244.500000
80, 256.363647
80, 269.727264
80, 283.227264
80, 296.863647
80, 312.136353
80, 328.500000
80, 352.090912
80, 60.000000
80, 81.136360
80, 97.500000
80, 117.409088
80, 128.863632
80, 140.045456
80, 154.363632
80, 168.000000
80, 180.681824
80, 200.863632
80, 227.181824
80, 241.636368
80, 257.318176
80, 269.454559
80, 278.863647
80, 294.818176
80, 306.545441
80, 325.772736
80, 341.863647
80, 48.954544
80, 69.272728
80, 88.363640
80, 107.454544
80, 126.409088
80, 133.772720
80, 148.500000
80, 155.045456
80, 168.409088
80, 187.090912
80, 205.636368
80, 232.363632
80, 249.136368
80, 260.454559
80, 268.909088
80, 283.227264
80, 298.772736
80, 311.863647
80, 333.409088
80, 355.363647
80, 63.954544
80, 83.045456
80, 100.909088
80, 125.590912
80, 133.500000
80, 146.181824
80, 154.363632
80, 168.409088
80, 180.409088
80, 200.590912
80, 228.000000
80, 246.000000
80, 261.000000
80, 268.500000
80, 281.045441
80, 293.727264
80, 308.181824
80, 324.954559
80, 349.500000
80, 53.318180
80, 74.454544
80, 96.136360
80, 110.590912
80, 128.454544
80, 138.272720
80, 154.363632
80, 159.681824
80, 178.227280
80, 194.590912
80, 221.181824
80, 243.272720
80, 253.090912
80, 265.636353
80, 278.454559
80, 289.909088
80, 301.090912
80, 322.772736
80, 347.181824
80, 54.954544
80, 73.909088
80, 91.909088
80, 112.772728
80, 124.227272
80, 136.090912
80, 143.590912
80, 157.227280
80, 166.363632
80, 181.909088
80, 207.272720
80, 229.636368
80, 249.136368
80, 261.954559
80, 275.454559
80, 280.772736
90, 312.954559
90, 333.409088
90, 360.000000
90, 64.909088
90, 87.954544
90, 111.409088
90, 130.227280
90, 144.954544
90, 157.227280
90, 173.727280
90, 200.454544
90, 227.318176
90, 247.500000
90, 263.590912
90, 275.590912
90, 286.636353
90, 301.090912
90, 319.363647
90, 343.636353
90, 53.727272
90, 94.772728
90, 76.363640
90, 117.818184
90, 129.818176
90, 140.727280
90, 155.318176
90, 169.772720
90, 186.954544
90, 216.000000
90, 240.136368
90, 256.363647
90, 266.863647
90, 278.863647
90, 293.318176
90, 311.590912
90, 330.409088
90, 357.000000
90, 65.454544
90, 88.909088
90, 109.500000
90, 126.136360
90, 137.454544
90, 154.090912
90, 161.045456
90, 178.227280
90, 205.500000
90, 234.545456
90, 251.727280
90, 263.590912
90, 272.045441
90, 287.454559
90, 303.681824
90, 320.318176
90, 345.409088
90, 55.636364
90, 80.863640
90, 98.727272
90, 120.818184
90, 136.090912
90, 147.136368
90, 156.272720
90, 171.954544
90, 192.681824
90, 218.318176
90, 245.590912
90, 255.954544
90, 274.500000
90, 282.136353
90, 298.227264
90, 320.045441
90, 339.272736
90, 51.272728
90, 72.954544
90, 95.045456
90, 114.000000
90, 128.045456
90, 140.590912
90, 157.636368
90, 168.409088
90, 187.363632
90, 216.818176
90, 239.863632
90, 255.545456
90, 270.545441
90, 282.136353
90, 298.772736
90, 318.000000
90, 336.545441
90, 44.727272
90, 66.681816
90, 91.909088
90, 111.409088
90, 131.181824
90, 144.272720
90, 157.772720
90, 170.454544
90, 183.818176
90, 206.590912
90, 229.636368
90, 250.090912
90, 260.181824
90, 273.681824
90, 288.136353
90, 308.045441
90, 328.772736
90, 350.863647
90, 62.454544
90, 83.727272
90, 98.727272
90, 120.818184
90, 137.045456
90, 143.727280
90, 159.409088
90, 175.500000
90, 197.318176
90, 224.045456
90, 245.045456
90, 258.818176
90, 269.863647
90, 283.636353
90, 297.818176
90, 317.454559
90, 340.090912
90, 49.909092
90, 72.409088
90, 96.409088
90, 115.636360
90, 129.818176
90, 144.272720
90, 154.636368
90, 169.363632
90, 187.227280
90, 214.090912
90, 240.136368
90, 255.000000
90, 261.681824
90, 272.045441
90, 293.045441
90, 306.272736
90, 326.863647
90, 352.090912
90, 60.000000
90, 84.681816
90, 104.454544
90, 120.954544
90, 135.409088
90, 145.636368
90, 160.090912
90, 176.318176
90, 198.136368
90, 225.954544
90, 247.909088
90, 259.500000
90, 270.136353
90, 288.681824
90, 302.454559
90, 316.909088
90, 343.090912
90, 49.909092
90, 73.909088
90, 91.500000
90, 116.590912
90, 131.181824
90, 147.545456
90, 159.136368
90, 167.045456
90, 192.136368
90, 215.863632
90, 241.090912
90, 256.363647
90, 266.863647
90, 278.863647
90, 292.227264
90, 311.590912
90, 330.954559
90, 354.545441
90, 62.045456
90, 86.181816
90, 105.545456
90, 126.681816
90, 140.045456
90, 152.318176
90, 164.454544
90, 183.545456
90, 205.090912
90, 232.500000
90, 253.090912
90, 261.681824
90, 272.045441
90, 286.363647
90, 305.318176
90, 328.500000
90, 351.000000
90, 55.772728
90, 81.136360
90, 99.954544
90, 120.409088
90, 134.590912
90, 147.545456
90, 159.954544
90, 176.863632
90, 196.909088
90, 227.318176
90, 248.045456
90, 260.181824
90, 273.681824
90, 283.500000
90, 299.454559
90, 312.136353
90, 339.136353
90, 46.090908
90, 69.272728
90, 92.727272
90, 130.227280
90, 104.318184
90, 138.818176
90, 152.045456
90, 161.045456
90, 179.454544
90, 205.227280
90, 228.818176
90, 247.500000
90, 263.318176
90, 271.363647
90, 288.000000
90, 301.227264
90, 323.727264
90, 349.227264
90, 58.090908
90, 80.045456
90, 102.136360
90, 121.363640
90, 135.136368
90, 148.227280
90, 155.727280
90, 166.500000
90, 186.000000
90, 207.681824
90, 234.136368
90, 248.863632
90, 263.590912
90, 276.409088
90, 292.363647
90, 309.681824
90, 329.454559
90, 352.363647
90, 64.500000
90, 88.090912
90, 105.136360
90, 124.227272
90, 137.181824
90, 147.545456
90, 164.045456
90, 175.227280
90, 205.227280
90, 229.772720
90, 251.181824
90, 263.590912
90, 276.000000
90, 288.136353
90, 307.363647
90, 325.909088
90, 346.500000
90, 60.000000
90, 79.909088
90, 102.136360
90, 120.818184
90, 134.863632
90, 149.863632
90, 158.727280
90, 172.500000
90, 196.090912
90, 225.272720
90, 246.409088
90, 260.454559
90, 272.045441
90, 281.181824
90, 297.818176
90, 314.727264
90, 338.590912
90, 360.000000
90, 69.272728
90, 93.272728
90, 108.954544
90, 130.500000
90, 144.272720
90, 157.227280
90, 171.818176
90, 187.363632
90, 215.045456
90, 241.090912
90, 253.636368
90, 267.409088
90, 281.181824
90, 292.363647
90, 316.500000
90, 329.454559
90, 360.000000
90, 63.681820
90, 86.318184
90, 105.136360
90, 120.818184
90, 142.090912
90, 151.909088
90, 163.363632
90, 180.272720
90, 205.090912
90, 232.090912
90, 250.090912
90, 267.954559
90, 275.590912
90, 287.045441
90, 304.772736
90, 326.590912
90, 351.681824
90, 60.954544
90, 84.818184
90, 103.909088
90, 120.409088
90, 135.409088
90, 147.545456
90, 158.181824
90, 174.681824
90, 201.818176
90, 225.954544
90, 244.500000
90, 258.000000
90, 270.545441
90, 284.590912
90, 297.818176
90, 316.909088
90, 342.272736
90, 52.090908
90, 75.545456
90, 97.227272
90, 114.954544
90, 131.863632
90, 146.863632
90, 155.727280
90, 169.772720
90, 186.136368
90, 218.590912
90, 241.363632
90, 253.772720
90, 271.636353
90, 281.181824
90, 297.545441
90, 312.818176
90, 335.863647
90, 357.954559
90, 68.863640
90, 86.318184
90, 110.181816
90, 129.272720
90, 142.500000
90, 152.590912
90, 165.409088
90, 184.500000
90, 211.500000
90, 233.318176
90, 252.681824
90, 267.409088
90, 278.181824
90, 294.818176
90, 308.318176
90, 336.409088
90, 357.000000
90, 65.590912
90, 89.454544
90, 108.409088
90, 126.136360
90, 141.272720
90, 153.272720
90, 166.500000
90, 183.818176
90, 207.000000
90, 233.590912
90, 250.363632
90, 263.590912
90, 276.000000
90, 289.909088
90, 308.318176
90, 329.454559
90, 353.045441
90, 61.909092
90, 86.727272
90, 103.772728
90, 121.909088
90, 132.954544
90, 147.954544
90, 162.409088
90, 171.000000
90, 194.863632
90, 221.045456
90, 242.318176
90, 257.045441
90, 268.090912
90, 286.636353
90, 294.409088
90, 314.454559
90, 341.318176
90, 51.000000
90, 72.409088
90, 94.090912
90, 112.227272
90, 128.863632
90, 144.000000
90, 157.909088
90, 167.045456
90, 185.590912
90, 216.818176
90, 239.318176
90, 258.000000
90, 266.863647
90, 282.136353
90, 292.363647
90, 311.590912
90, 337.363647
90, 359.318176
90, 71.181816
90, 93.818184
90, 114.000000
90, 129.681824
90, 144.954544
90, 154.636368
90, 166.500000
90, 186.818176
90, 211.772720
90, 238.090912
90, 255.545456
90, 266.863647
90, 278.181824
90, 292.227264
90, 306.818176
90, 326.863647
90, 349.772736
90, 61.363636
90, 82.909088
90, 102.000000
90, 120.681816
90, 134.454544
90, 144.954544
90, 158.454544
90, 169.363632
90, 192.545456
90, 221.590912
90, 244.636368
90, 260.181824
90, 270.545441
90, 282.818176
90, 300.545441
90, 320.863647
90, 339.545441
90, 47.045456
90, 72.818184
90, 94.772728
90, 114.000000
90, 131.181824
90, 148.500000
90, 157.909088
90, 172.500000
90, 189.954544
90, 219.954544
90, 239.863632
90, 259.772736
90, 271.636353
90, 285.136353
90, 294.818176
90, 320.863647
90, 340.227264
90, 50.045456
90, 72.409088
90, 94.363640
90, 112.500000
90, 127.500000
90, 141.272720
90, 152.727280
90, 166.500000
90, 186.818176
90, 211.363632
90, 234.818176
90, 254.590912
90, 265.909088
90, 279.136353
90, 292.090912
90, 309.681824
90, 328.909088
90, 354.818176
90, 62.181820
90, 85.772728
90, 102.000000
90, 122.454544
90, 136.500000
90, 146.181824
90, 161.181824
90, 180.272720
90, 202.090912
90, 228.000000
90, 247.363632